<?xml version="1.0" encoding="UTF-8"?>
<!-- Generated by org.testng.reporters.JUnitXMLReporter -->
<testsuite ignored="0" hostname="M260942XWG8WP" failures="0" tests="5" name="Command line test" time="2.446" errors="0" timestamp="13 May 2018 10:22:34 GMT">
  <testcase classname="restapiamittest.TestRestClient" name="getTestStatusCode" time="0.002"/>
  <testcase classname="restapiamittest.TestRestPostClient" name="postAPITest" time="0.823"/>
  <testcase classname="restapiamittest.TestRestClient" name="getTestDataForFirstElement" time="0.0"/>
  <testcase classname="restapiamittest.TestRestPostClient" name="putAPITest" time="0.593"/>
  <testcase classname="restapiamittest.TestRestClient" name="getTestDataForSecondElement" time="0.0"/>
</testsuite> <!-- Command line test -->
