<?xml version="1.0" encoding="UTF-8"?>
<testng-results ignored="0" total="5" passed="5" failed="0" skipped="0">
  <reporter-output>
  </reporter-output>
  <suite started-at="2018-05-13T10:22:10Z" name="Command line suite" finished-at="2018-05-13T10:22:12Z" duration-ms="2446">
    <groups>
    </groups>
    <test started-at="2018-05-13T10:22:10Z" name="Command line test" finished-at="2018-05-13T10:22:12Z" duration-ms="2446">
      <class name="restapiamittest.TestRestPostClient">
        <test-method signature="postAPITest()[pri:1, instance:restapiamittest.TestRestPostClient@4313f5bc]" started-at="2018-05-13T10:22:11Z" name="postAPITest" finished-at="2018-05-13T10:22:12Z" duration-ms="823" status="PASS">
          <reporter-output>
          </reporter-output>
        </test-method> <!-- postAPITest -->
        <test-method signature="putAPITest()[pri:2, instance:restapiamittest.TestRestPostClient@4313f5bc]" started-at="2018-05-13T10:22:12Z" name="putAPITest" finished-at="2018-05-13T10:22:12Z" duration-ms="593" status="PASS">
          <reporter-output>
          </reporter-output>
        </test-method> <!-- putAPITest -->
      </class> <!-- restapiamittest.TestRestPostClient -->
      <class name="restapiamittest.TestRestClient">
        <test-method is-config="true" signature="setUp()[pri:0, instance:restapiamittest.TestRestClient@161479c6]" started-at="2018-05-13T10:22:10Z" name="setUp" finished-at="2018-05-13T10:22:11Z" duration-ms="1013" status="PASS">
          <reporter-output>
          </reporter-output>
        </test-method> <!-- setUp -->
        <test-method is-config="true" signature="setUp()[pri:0, instance:restapiamittest.TestRestPostClient@4313f5bc]" started-at="2018-05-13T10:22:11Z" name="setUp" finished-at="2018-05-13T10:22:11Z" duration-ms="0" status="PASS">
          <reporter-output>
          </reporter-output>
        </test-method> <!-- setUp -->
        <test-method signature="getTestStatusCode()[pri:1, instance:restapiamittest.TestRestClient@161479c6]" started-at="2018-05-13T10:22:11Z" name="getTestStatusCode" finished-at="2018-05-13T10:22:11Z" duration-ms="2" status="PASS">
          <reporter-output>
          </reporter-output>
        </test-method> <!-- getTestStatusCode -->
        <test-method signature="getTestDataForFirstElement()[pri:2, instance:restapiamittest.TestRestClient@161479c6]" started-at="2018-05-13T10:22:12Z" name="getTestDataForFirstElement" finished-at="2018-05-13T10:22:12Z" duration-ms="0" status="PASS">
          <reporter-output>
          </reporter-output>
        </test-method> <!-- getTestDataForFirstElement -->
        <test-method signature="getTestDataForSecondElement()[pri:3, instance:restapiamittest.TestRestClient@161479c6]" started-at="2018-05-13T10:22:12Z" name="getTestDataForSecondElement" finished-at="2018-05-13T10:22:12Z" duration-ms="0" status="PASS">
          <reporter-output>
          </reporter-output>
        </test-method> <!-- getTestDataForSecondElement -->
      </class> <!-- restapiamittest.TestRestClient -->
    </test> <!-- Command line test -->
  </suite> <!-- Command line suite -->
</testng-results>
