<?xml version="1.0" encoding="UTF-8" ?>
<testsuite tests="5" failures="0" name="TestSuite" time="1.416" errors="0" skipped="0">
  <properties>
[...]
</properties>
  <testcase classname="restapiamittest.TestRestClient" name="getTestStatusCode" time="0.002"/>
  <testcase classname="restapiamittest.TestRestPostClient" name="postAPITest" time="0.822"/>
  <testcase classname="restapiamittest.TestRestClient" name="getTestDataForFirstElement" time="0"/>
  <testcase classname="restapiamittest.TestRestPostClient" name="putAPITest" time="0.592"/>
  <testcase classname="restapiamittest.TestRestClient" name="getTestDataForSecondElement" time="0"/>
</testsuite>