<?xml version="1.0" encoding="UTF-8"?>
<testng-results ignored="0" total="3" passed="3" failed="0" skipped="0">
  <reporter-output>
  </reporter-output>
  <suite started-at="2018-05-13T07:18:48Z" name="Default suite" finished-at="2018-05-13T07:18:49Z" duration-ms="946">
    <groups>
    </groups>
    <test started-at="2018-05-13T07:18:48Z" name="Default test" finished-at="2018-05-13T07:18:49Z" duration-ms="946">
      <class name="restapiamittest.TestRestClient">
        <test-method is-config="true" signature="setUp()[pri:0, instance:restapiamittest.TestRestClient@6a2f6f80]" started-at="2018-05-13T07:18:48Z" name="setUp" finished-at="2018-05-13T07:18:49Z" duration-ms="925" status="PASS">
          <reporter-output>
          </reporter-output>
        </test-method> <!-- setUp -->
        <test-method signature="getTestStatusCode()[pri:1, instance:restapiamittest.TestRestClient@6a2f6f80]" started-at="2018-05-13T07:18:49Z" name="getTestStatusCode" finished-at="2018-05-13T07:18:49Z" duration-ms="4" status="PASS">
          <reporter-output>
          </reporter-output>
        </test-method> <!-- getTestStatusCode -->
        <test-method signature="getTestDataForFirstElement()[pri:2, instance:restapiamittest.TestRestClient@6a2f6f80]" started-at="2018-05-13T07:18:49Z" name="getTestDataForFirstElement" finished-at="2018-05-13T07:18:49Z" duration-ms="2" status="PASS">
          <reporter-output>
          </reporter-output>
        </test-method> <!-- getTestDataForFirstElement -->
        <test-method signature="getTestDataForSecondElement()[pri:3, instance:restapiamittest.TestRestClient@6a2f6f80]" started-at="2018-05-13T07:18:49Z" name="getTestDataForSecondElement" finished-at="2018-05-13T07:18:49Z" duration-ms="1" status="PASS">
          <reporter-output>
          </reporter-output>
        </test-method> <!-- getTestDataForSecondElement -->
      </class> <!-- restapiamittest.TestRestClient -->
    </test> <!-- Default test -->
  </suite> <!-- Default suite -->
</testng-results>
